Callkit-Ios13-Sample/android/app/build/outputs/logs/manifest-merger-debug-report.txt
-- Merging decision tree log ---
manifest
ADDED from src\main\AndroidManifest.xml:1:1-34:12
INJECTED from src\main\AndroidManifest.xml:1:1-34:12
INJECTED from src\main\AndroidManifest.xml:1:1-34:12
INJECTED from src\main\AndroidManifest.xml:1:1-34:12
MERGED from src\main\AndroidManifest.xml:1:1-34:12
MERGED from [com.facebook.flipper:flipper:0.33.1] AndroidManifest.xml:8:1-18:12
MERGED from [com.facebook.flipper:flipper-network-plugin:0.33.1] AndroidManifest.xml:8:1-15:12
MERGED from [com.facebook.flipper:flipper-fresco-plugin:0.33.1] AndroidManifest.xml:8:1-15:12
MERGED from [:stringee-react-native] AndroidManifest.xml:2:1-11:12
MERGED from [:notifee_react-native] AndroidManifest.xml:2:1-19:12
MERGED from [notifee_core_release.aar] AndroidManifest.xml:2:1-42:12
MERGED from [:react-native-firebase_app] AndroidManifest.xml:2:1-11:12
MERGED from [:react-native-firebase_messaging] AndroidManifest.xml:2:1-45:12
MERGED from [:@react-native-firebase_app] AndroidManifest.xml:2:1-11:12
MERGED from [com.facebook.react:react-native:0.62.2] AndroidManifest.xml:2:1-13:12
MERGED from [androidx.swiperefreshlayout:swiperefreshlayout:1.0.0] AndroidManifest.xml:17:1-22:12
MERGED from [org.webkit:android-jsc:r245459] AndroidManifest.xml:2:1-11:12
MERGED from [org.webrtc:google-webrtc:1.0.30039] AndroidManifest.xml:11:1-14:12
MERGED from [com.facebook.fresco:flipper:2.0.0] AndroidManifest.xml:2:1-9:12
MERGED from [com.facebook.fresco:stetho:2.0.0] AndroidManifest.xml:2:1-9:12
MERGED from [com.facebook.fresco:fresco:2.0.0] AndroidManifest.xml:2:1-9:12
MERGED from [com.facebook.fresco:imagepipeline-okhttp3:2.0.0] AndroidManifest.xml:2:1-9:12
MERGED from [com.facebook.fresco:drawee:2.0.0] AndroidManifest.xml:2:1-9:12
MERGED from [com.facebook.fresco:nativeimagefilters:2.0.0] AndroidManifest.xml:2:1-9:12
MERGED from [com.facebook.fresco:imagepipeline:2.0.0] AndroidManifest.xml:2:1-9:12
MERGED from [com.facebook.fresco:nativeimagetranscoder:2.0.0] AndroidManifest.xml:2:1-9:12
MERGED from [com.facebook.fresco:imagepipeline-base:2.0.0] AndroidManifest.xml:2:1-9:12
MERGED from [com.facebook.soloader:soloader:0.8.2] AndroidManifest.xml:2:1-13:12
MERGED from [androidx.appcompat:appcompat:1.1.0] AndroidManifest.xml:17:1-24:12
MERGED from [com.google.firebase:firebase-messaging:20.1.7] AndroidManifest.xml:17:1-44:12
MERGED from [com.google.firebase:firebase-datatransport:17.0.3] AndroidManifest.xml:15:1-34:12
MERGED from [com.google.android.datatransport:transport-backend-cct:2.2.0] AndroidManifest.xml:15:1-38:12
MERGED from [com.google.android.datatransport:transport-runtime:2.2.0] AndroidManifest.xml:15:1-41:12
MERGED from [androidx.appcompat:appcompat-resources:1.1.0] AndroidManifest.xml:17:1-24:12
MERGED from [androidx.vectordrawable:vectordrawable-animated:1.1.0] AndroidManifest.xml:17:1-24:12
MERGED from [androidx.interpolator:interpolator:1.0.0] AndroidManifest.xml:17:1-22:12
MERGED from [androidx.cursoradapter:cursoradapter:1.0.0] AndroidManifest.xml:17:1-22:12
MERGED from [com.google.firebase:firebase-core:17.4.1] AndroidManifest.xml:2:1-9:12
MERGED from [com.google.firebase:firebase-analytics:17.4.1] AndroidManifest.xml:2:1-9:12
MERGED from [com.google.android.gms:play-services-measurement-api:17.4.1] AndroidManifest.xml:17:1-36:12
MERGED from [com.google.firebase:firebase-iid:20.1.7] AndroidManifest.xml:17:1-47:12
MERGED from [com.google.firebase:firebase-installations:16.3.0] AndroidManifest.xml:2:1-23:12
MERGED from [com.google.firebase:firebase-common:19.3.0] AndroidManifest.xml:15:1-39:12
MERGED from [com.google.firebase:firebase-installations-interop:16.0.0] AndroidManifest.xml:15:1-23:12
MERGED from [com.google.firebase:firebase-iid-interop:17.0.0] AndroidManifest.xml:2:1-10:12
MERGED from [com.google.android.gms:play-services-base:17.0.0] AndroidManifest.xml:17:1-29:12
MERGED from [com.google.android.gms:play-services-tasks:17.1.0] AndroidManifest.xml:2:1-9:12
MERGED from [com.google.android.gms:play-services-measurement:17.4.1] AndroidManifest.xml:17:1-46:12
MERGED from [com.google.android.gms:play-services-measurement-sdk:17.4.1] AndroidManifest.xml:17:1-25:12
MERGED from [com.google.android.gms:play-services-measurement-impl:17.4.1] AndroidManifest.xml:17:1-31:12
MERGED from [com.google.android.gms:play-services-stats:17.0.0] AndroidManifest.xml:2:1-9:12
MERGED from [com.google.firebase:firebase-measurement-connector:18.0.0] AndroidManifest.xml:17:1-25:12
MERGED from [com.google.android.gms:play-services-measurement-sdk-api:17.4.1] AndroidManifest.xml:17:1-27:12
MERGED from [com.google.android.gms:play-services-measurement-base:17.4.1] AndroidManifest.xml:2:1-9:12
MERGED from [com.google.android.gms:play-services-ads-identifier:17.0.0] AndroidManifest.xml:17:1-24:12
MERGED from [com.google.android.gms:play-services-basement:17.3.0] AndroidManifest.xml:17:1-28:12
MERGED from [androidx.fragment:fragment:1.1.0] AndroidManifest.xml:17:1-24:12
MERGED from [androidx.drawerlayout:drawerlayout:1.0.0] AndroidManifest.xml:17:1-22:12
MERGED from [androidx.work:work-runtime:2.3.4] AndroidManifest.xml:17:1-132:12
MERGED from [androidx.room:room-runtime:2.2.3] AndroidManifest.xml:17:1-30:12
MERGED from [androidx.sqlite:sqlite-framework:2.1.0] AndroidManifest.xml:17:1-24:12
MERGED from [androidx.sqlite:sqlite:2.1.0] AndroidManifest.xml:17:1-24:12
MERGED from [androidx.vectordrawable:vectordrawable:1.1.0] AndroidManifest.xml:17:1-24:12
MERGED from [androidx.viewpager:viewpager:1.0.0] AndroidManifest.xml:17:1-22:12
MERGED from [androidx.legacy:legacy-support-core-utils:1.0.0] AndroidManifest.xml:17:1-22:12
MERGED from [androidx.loader:loader:1.0.0] AndroidManifest.xml:17:1-22:12
MERGED from [androidx.activity:activity:1.0.0] AndroidManifest.xml:17:1-24:12
MERGED from [androidx.customview:customview:1.0.0] AndroidManifest.xml:17:1-22:12
MERGED from [androidx.core:core:1.2.0] AndroidManifest.xml:17:1-26:12
MERGED from [androidx.versionedparcelable:versionedparcelable:1.1.0] AndroidManifest.xml:17:1-27:12
MERGED from [androidx.lifecycle:lifecycle-livedata:2.1.0] AndroidManifest.xml:17:1-22:12
MERGED from [androidx.lifecycle:lifecycle-livedata-core:2.1.0] AndroidManifest.xml:17:1-22:12
MERGED from [androidx.arch.core:core-runtime:2.1.0] AndroidManifest.xml:17:1-24:12
MERGED from [androidx.lifecycle:lifecycle-service:2.1.0] AndroidManifest.xml:17:1-22:12
MERGED from [androidx.lifecycle:lifecycle-runtime:2.1.0] AndroidManifest.xml:17:1-22:12
MERGED from [androidx.savedstate:savedstate:1.0.0] AndroidManifest.xml:17:1-24:12
MERGED from [com.google.firebase:firebase-components:16.0.0] AndroidManifest.xml:15:1-23:12
MERGED from [com.google.firebase:firebase-encoders-json:16.0.0] AndroidManifest.xml:15:1-23:12
MERGED from [androidx.lifecycle:lifecycle-viewmodel:2.1.0] AndroidManifest.xml:17:1-22:12
MERGED from [androidx.documentfile:documentfile:1.0.0] AndroidManifest.xml:17:1-22:12
MERGED from [androidx.localbroadcastmanager:localbroadcastmanager:1.0.0] AndroidManifest.xml:17:1-22:12
MERGED from [androidx.print:print:1.0.0] AndroidManifest.xml:17:1-22:12
MERGED from [com.stringee.sdk.android:stringee-android-sdk:1.4.1] AndroidManifest.xml:2:1-9:12
MERGED from [com.android.volley:volley:1.1.0] AndroidManifest.xml:2:1-11:12
MERGED from [androidx.multidex:multidex:2.0.0] AndroidManifest.xml:17:1-22:12
MERGED from [com.facebook.soloader:annotation:0.8.2] AndroidManifest.xml:2:1-13:12
MERGED from [com.facebook.fresco:fbcore:2.0.0] AndroidManifest.xml:2:1-9:12
MERGED from [com.google.android.datatransport:transport-api:2.2.0] AndroidManifest.xml:15:1-22:12
INJECTED from src\debug\AndroidManifest.xml:2:1-8:12
INJECTED from src\debug\AndroidManifest.xml:2:1-8:12
INJECTED from src\debug\AndroidManifest.xml:2:1-8:12
	package
		ADDED from src\main\AndroidManifest.xml:2:3-44
		INJECTED from src\main\AndroidManifest.xml
		ADDED from src\main\AndroidManifest.xml:2:3-44
		INJECTED from src\debug\AndroidManifest.xml
	android:versionName
		INJECTED from src\main\AndroidManifest.xml
		ADDED from src\main\AndroidManifest.xml:1:1-34:12
		INJECTED from src\debug\AndroidManifest.xml
	xmlns:tools
		ADDED from src\debug\AndroidManifest.xml:3:5-51
	android:versionCode
		INJECTED from src\main\AndroidManifest.xml
		ADDED from src\main\AndroidManifest.xml:1:1-34:12
		INJECTED from src\debug\AndroidManifest.xml
	xmlns:android
		ADDED from src\main\AndroidManifest.xml:1:11-69
uses-permission#android.permission.INTERNET
ADDED from src\main\AndroidManifest.xml:4:5-67
MERGED from [com.facebook.flipper:flipper:0.33.1] AndroidManifest.xml:15:5-67
MERGED from [com.facebook.flipper:flipper:0.33.1] AndroidManifest.xml:15:5-67
MERGED from [notifee_core_release.aar] AndroidManifest.xml:15:5-67
MERGED from [notifee_core_release.aar] AndroidManifest.xml:15:5-67
MERGED from [:react-native-firebase_messaging] AndroidManifest.xml:11:5-67
MERGED from [:react-native-firebase_messaging] AndroidManifest.xml:11:5-67
MERGED from [com.google.android.datatransport:transport-backend-cct:2.2.0] AndroidManifest.xml:26:5-67
MERGED from [com.google.android.datatransport:transport-backend-cct:2.2.0] AndroidManifest.xml:26:5-67
MERGED from [com.google.android.gms:play-services-measurement-api:17.4.1] AndroidManifest.xml:22:5-67
MERGED from [com.google.android.gms:play-services-measurement-api:17.4.1] AndroidManifest.xml:22:5-67
MERGED from [com.google.firebase:firebase-iid:20.1.7] AndroidManifest.xml:23:5-67
MERGED from [com.google.firebase:firebase-iid:20.1.7] AndroidManifest.xml:23:5-67
MERGED from [com.google.firebase:firebase-installations:16.3.0] AndroidManifest.xml:11:5-67
MERGED from [com.google.firebase:firebase-installations:16.3.0] AndroidManifest.xml:11:5-67
MERGED from [com.google.android.gms:play-services-measurement:17.4.1] AndroidManifest.xml:23:5-67
MERGED from [com.google.android.gms:play-services-measurement:17.4.1] AndroidManifest.xml:23:5-67
MERGED from [com.google.android.gms:play-services-measurement-impl:17.4.1] AndroidManifest.xml:23:5-67
MERGED from [com.google.android.gms:play-services-measurement-impl:17.4.1] AndroidManifest.xml:23:5-67
MERGED from [com.google.android.gms:play-services-measurement-sdk-api:17.4.1] AndroidManifest.xml:23:5-67
MERGED from [com.google.android.gms:play-services-measurement-sdk-api:17.4.1] AndroidManifest.xml:23:5-67
	android:name
		ADDED from src\main\AndroidManifest.xml:4:22-64
uses-permission#android.permission.ACCESS_NETWORK_STATE
ADDED from src\main\AndroidManifest.xml:5:5-79
MERGED from [notifee_core_release.aar] AndroidManifest.xml:12:5-79
MERGED from [notifee_core_release.aar] AndroidManifest.xml:12:5-79
MERGED from [:react-native-firebase_messaging] AndroidManifest.xml:13:5-79
MERGED from [:react-native-firebase_messaging] AndroidManifest.xml:13:5-79
MERGED from [com.google.android.datatransport:transport-backend-cct:2.2.0] AndroidManifest.xml:25:5-79
MERGED from [com.google.android.datatransport:transport-backend-cct:2.2.0] AndroidManifest.xml:25:5-79
MERGED from [com.google.android.datatransport:transport-runtime:2.2.0] AndroidManifest.xml:22:5-79
MERGED from [com.google.android.datatransport:transport-runtime:2.2.0] AndroidManifest.xml:22:5-79
MERGED from [com.google.android.gms:play-services-measurement-api:17.4.1] AndroidManifest.xml:23:5-79
MERGED from [com.google.android.gms:play-services-measurement-api:17.4.1] AndroidManifest.xml:23:5-79
MERGED from [com.google.firebase:firebase-iid:20.1.7] AndroidManifest.xml:22:5-79
MERGED from [com.google.firebase:firebase-iid:20.1.7] AndroidManifest.xml:22:5-79
MERGED from [com.google.firebase:firebase-installations:16.3.0] AndroidManifest.xml:10:5-79
MERGED from [com.google.firebase:firebase-installations:16.3.0] AndroidManifest.xml:10:5-79
MERGED from [com.google.android.gms:play-services-measurement:17.4.1] AndroidManifest.xml:24:5-79
MERGED from [com.google.android.gms:play-services-measurement:17.4.1] AndroidManifest.xml:24:5-79
MERGED from [com.google.android.gms:play-services-measurement-impl:17.4.1] AndroidManifest.xml:24:5-79
MERGED from [com.google.android.gms:play-services-measurement-impl:17.4.1] AndroidManifest.xml:24:5-79
MERGED from [com.google.android.gms:play-services-measurement-sdk-api:17.4.1] AndroidManifest.xml:24:5-79
MERGED from [com.google.android.gms:play-services-measurement-sdk-api:17.4.1] AndroidManifest.xml:24:5-79
MERGED from [androidx.work:work-runtime:2.3.4] AndroidManifest.xml:26:5-79
MERGED from [androidx.work:work-runtime:2.3.4] AndroidManifest.xml:26:5-79
	android:name
		ADDED from src\main\AndroidManifest.xml:5:22-76
uses-permission#android.permission.ACCESS_WIFI_STATE
ADDED from src\main\AndroidManifest.xml:6:5-76
MERGED from [com.facebook.flipper:flipper:0.33.1] AndroidManifest.xml:16:5-76
MERGED from [com.facebook.flipper:flipper:0.33.1] AndroidManifest.xml:16:5-76
	android:name
		ADDED from src\main\AndroidManifest.xml:6:22-73
uses-permission#android.permission.RECORD_AUDIO
ADDED from src\main\AndroidManifest.xml:8:5-71
	android:name
		ADDED from src\main\AndroidManifest.xml:8:22-68
uses-permission#android.permission.MODIFY_AUDIO_SETTINGS
ADDED from src\main\AndroidManifest.xml:9:5-80
	android:name
		ADDED from src\main\AndroidManifest.xml:9:22-77
uses-permission#android.permission.CAMERA
ADDED from src\main\AndroidManifest.xml:11:5-65
	android:name
		ADDED from src\main\AndroidManifest.xml:11:22-62
application
ADDED from src\main\AndroidManifest.xml:13:5-32:19
MERGED from src\main\AndroidManifest.xml:13:5-32:19
MERGED from src\main\AndroidManifest.xml:13:5-32:19
MERGED from [:notifee_react-native] AndroidManifest.xml:11:5-17:19
MERGED from [:notifee_react-native] AndroidManifest.xml:11:5-17:19
MERGED from [notifee_core_release.aar] AndroidManifest.xml:18:5-40:19
MERGED from [notifee_core_release.aar] AndroidManifest.xml:18:5-40:19
MERGED from [:react-native-firebase_messaging] AndroidManifest.xml:15:5-43:19
MERGED from [:react-native-firebase_messaging] AndroidManifest.xml:15:5-43:19
MERGED from [com.facebook.react:react-native:0.62.2] AndroidManifest.xml:11:5-20
MERGED from [com.facebook.react:react-native:0.62.2] AndroidManifest.xml:11:5-20
MERGED from [com.facebook.soloader:soloader:0.8.2] AndroidManifest.xml:11:5-20
MERGED from [com.facebook.soloader:soloader:0.8.2] AndroidManifest.xml:11:5-20
MERGED from [com.google.firebase:firebase-messaging:20.1.7] AndroidManifest.xml:22:5-42:19
MERGED from [com.google.firebase:firebase-messaging:20.1.7] AndroidManifest.xml:22:5-42:19
MERGED from [com.google.firebase:firebase-datatransport:17.0.3] AndroidManifest.xml:24:5-32:19
MERGED from [com.google.firebase:firebase-datatransport:17.0.3] AndroidManifest.xml:24:5-32:19
MERGED from [com.google.android.datatransport:transport-backend-cct:2.2.0] AndroidManifest.xml:28:5-36:19
MERGED from [com.google.android.datatransport:transport-backend-cct:2.2.0] AndroidManifest.xml:28:5-36:19
MERGED from [com.google.android.datatransport:transport-runtime:2.2.0] AndroidManifest.xml:25:5-39:19
MERGED from [com.google.android.datatransport:transport-runtime:2.2.0] AndroidManifest.xml:25:5-39:19
MERGED from [com.google.firebase:firebase-core:17.4.1] AndroidManifest.xml:7:5-20
MERGED from [com.google.firebase:firebase-core:17.4.1] AndroidManifest.xml:7:5-20
MERGED from [com.google.firebase:firebase-analytics:17.4.1] AndroidManifest.xml:7:5-20
MERGED from [com.google.firebase:firebase-analytics:17.4.1] AndroidManifest.xml:7:5-20
MERGED from [com.google.android.gms:play-services-measurement-api:17.4.1] AndroidManifest.xml:26:5-34:19
MERGED from [com.google.android.gms:play-services-measurement-api:17.4.1] AndroidManifest.xml:26:5-34:19
MERGED from [com.google.firebase:firebase-iid:20.1.7] AndroidManifest.xml:28:5-45:19
MERGED from [com.google.firebase:firebase-iid:20.1.7] AndroidManifest.xml:28:5-45:19
MERGED from [com.google.firebase:firebase-installations:16.3.0] AndroidManifest.xml:13:5-21:19
MERGED from [com.google.firebase:firebase-installations:16.3.0] AndroidManifest.xml:13:5-21:19
MERGED from [com.google.firebase:firebase-common:19.3.0] AndroidManifest.xml:25:5-37:19
MERGED from [com.google.firebase:firebase-common:19.3.0] AndroidManifest.xml:25:5-37:19
MERGED from [com.google.firebase:firebase-iid-interop:17.0.0] AndroidManifest.xml:7:5-8:19
MERGED from [com.google.firebase:firebase-iid-interop:17.0.0] AndroidManifest.xml:7:5-8:19
MERGED from [com.google.android.gms:play-services-base:17.0.0] AndroidManifest.xml:22:5-27:19
MERGED from [com.google.android.gms:play-services-base:17.0.0] AndroidManifest.xml:22:5-27:19
MERGED from [com.google.android.gms:play-services-tasks:17.1.0] AndroidManifest.xml:7:5-20
MERGED from [com.google.android.gms:play-services-tasks:17.1.0] AndroidManifest.xml:7:5-20
MERGED from [com.google.android.gms:play-services-measurement:17.4.1] AndroidManifest.xml:28:5-44:19
MERGED from [com.google.android.gms:play-services-measurement:17.4.1] AndroidManifest.xml:28:5-44:19
MERGED from [com.google.android.gms:play-services-measurement-sdk:17.4.1] AndroidManifest.xml:22:5-23:19
MERGED from [com.google.android.gms:play-services-measurement-sdk:17.4.1] AndroidManifest.xml:22:5-23:19
MERGED from [com.google.android.gms:play-services-measurement-impl:17.4.1] AndroidManifest.xml:28:5-29:19
MERGED from [com.google.android.gms:play-services-measurement-impl:17.4.1] AndroidManifest.xml:28:5-29:19
MERGED from [com.google.android.gms:play-services-stats:17.0.0] AndroidManifest.xml:7:5-20
MERGED from [com.google.android.gms:play-services-stats:17.0.0] AndroidManifest.xml:7:5-20
MERGED from [com.google.firebase:firebase-measurement-connector:18.0.0] AndroidManifest.xml:22:5-23:19
MERGED from [com.google.firebase:firebase-measurement-connector:18.0.0] AndroidManifest.xml:22:5-23:19
MERGED from [com.google.android.gms:play-services-measurement-base:17.4.1] AndroidManifest.xml:7:5-20
MERGED from [com.google.android.gms:play-services-measurement-base:17.4.1] AndroidManifest.xml:7:5-20
MERGED from [com.google.android.gms:play-services-ads-identifier:17.0.0] AndroidManifest.xml:22:5-20
MERGED from [com.google.android.gms:play-services-ads-identifier:17.0.0] AndroidManifest.xml:22:5-20
MERGED from [com.google.android.gms:play-services-basement:17.3.0] AndroidManifest.xml:22:5-26:19
MERGED from [com.google.android.gms:play-services-basement:17.3.0] AndroidManifest.xml:22:5-26:19
MERGED from [androidx.work:work-runtime:2.3.4] AndroidManifest.xml:30:5-130:19
MERGED from [androidx.work:work-runtime:2.3.4] AndroidManifest.xml:30:5-130:19
MERGED from [androidx.room:room-runtime:2.2.3] AndroidManifest.xml:24:5-28:19
MERGED from [androidx.room:room-runtime:2.2.3] AndroidManifest.xml:24:5-28:19
MERGED from [androidx.core:core:1.2.0] AndroidManifest.xml:24:5-89
MERGED from [androidx.core:core:1.2.0] AndroidManifest.xml:24:5-89
MERGED from [androidx.versionedparcelable:versionedparcelable:1.1.0] AndroidManifest.xml:24:5-25:19
MERGED from [androidx.versionedparcelable:versionedparcelable:1.1.0] AndroidManifest.xml:24:5-25:19
MERGED from [com.android.volley:volley:1.1.0] AndroidManifest.xml:9:5-20
MERGED from [com.android.volley:volley:1.1.0] AndroidManifest.xml:9:5-20
MERGED from [com.facebook.soloader:annotation:0.8.2] AndroidManifest.xml:11:5-20
MERGED from [com.facebook.soloader:annotation:0.8.2] AndroidManifest.xml:11:5-20
	android:appComponentFactory
		ADDED from [androidx.core:core:1.2.0] AndroidManifest.xml:24:18-86
	android:label
		ADDED from src\main\AndroidManifest.xml:15:7-39
		ADDED from src\main\AndroidManifest.xml:15:7-39
	tools:ignore
		ADDED from src\debug\AndroidManifest.xml:7:75-114
	android:roundIcon
		ADDED from src\main\AndroidManifest.xml:17:7-52
		ADDED from src\main\AndroidManifest.xml:17:7-52
	tools:targetApi
		ADDED from src\debug\AndroidManifest.xml:7:54-74
	android:icon
		ADDED from src\main\AndroidManifest.xml:16:7-41
		ADDED from src\main\AndroidManifest.xml:16:7-41
	android:allowBackup
		ADDED from src\main\AndroidManifest.xml:18:7-34
		ADDED from src\main\AndroidManifest.xml:18:7-34
	android:theme
		ADDED from src\main\AndroidManifest.xml:19:7-38
		ADDED from src\main\AndroidManifest.xml:19:7-38
	android:usesCleartextTraffic
		ADDED from src\debug\AndroidManifest.xml:7:18-53
	android:name
		ADDED from src\main\AndroidManifest.xml:14:7-38
		ADDED from src\main\AndroidManifest.xml:14:7-38
activity#com.stringeecallkit_reactnative.MainActivity
ADDED from src\main\AndroidManifest.xml:20:7-30:18
	android:label
		ADDED from src\main\AndroidManifest.xml:22:9-41
	android:launchMode
		ADDED from src\main\AndroidManifest.xml:24:9-40
	android:windowSoftInputMode
		ADDED from src\main\AndroidManifest.xml:25:9-51
	android:configChanges
		ADDED from src\main\AndroidManifest.xml:23:9-86
	android:name
		ADDED from src\main\AndroidManifest.xml:21:9-37
intent-filter#action:name:android.intent.action.MAIN+category:name:android.intent.category.LAUNCHER
ADDED from src\main\AndroidManifest.xml:26:9-29:25
action#android.intent.action.MAIN
ADDED from src\main\AndroidManifest.xml:27:13-65
	android:name
		ADDED from src\main\AndroidManifest.xml:27:21-62
category#android.intent.category.LAUNCHER
ADDED from src\main\AndroidManifest.xml:28:13-73
	android:name
		ADDED from src\main\AndroidManifest.xml:28:23-70
activity#com.facebook.react.devsupport.DevSettingsActivity
ADDED from src\main\AndroidManifest.xml:31:7-84
	android:name
		ADDED from src\main\AndroidManifest.xml:31:17-81
uses-sdk
INJECTED from src\main\AndroidManifest.xml reason: use-sdk injection requested
INJECTED from src\main\AndroidManifest.xml
INJECTED from src\main\AndroidManifest.xml
MERGED from [com.facebook.flipper:flipper:0.33.1] AndroidManifest.xml:11:5-13:41
MERGED from [com.facebook.flipper:flipper:0.33.1] AndroidManifest.xml:11:5-13:41
MERGED from [com.facebook.flipper:flipper-network-plugin:0.33.1] AndroidManifest.xml:11:5-13:41
MERGED from [com.facebook.flipper:flipper-network-plugin:0.33.1] AndroidManifest.xml:11:5-13:41
MERGED from [com.facebook.flipper:flipper-fresco-plugin:0.33.1] AndroidManifest.xml:11:5-13:41
MERGED from [com.facebook.flipper:flipper-fresco-plugin:0.33.1] AndroidManifest.xml:11:5-13:41
MERGED from [:stringee-react-native] AndroidManifest.xml:7:5-9:41
MERGED from [:stringee-react-native] AndroidManifest.xml:7:5-9:41
MERGED from [:notifee_react-native] AndroidManifest.xml:7:5-9:41
MERGED from [:notifee_react-native] AndroidManifest.xml:7:5-9:41
MERGED from [notifee_core_release.aar] AndroidManifest.xml:7:5-9:41
MERGED from [notifee_core_release.aar] AndroidManifest.xml:7:5-9:41
MERGED from [:react-native-firebase_app] AndroidManifest.xml:7:5-9:41
MERGED from [:react-native-firebase_app] AndroidManifest.xml:7:5-9:41
MERGED from [:react-native-firebase_messaging] AndroidManifest.xml:7:5-9:41
MERGED from [:react-native-firebase_messaging] AndroidManifest.xml:7:5-9:41
MERGED from [:@react-native-firebase_app] AndroidManifest.xml:7:5-9:41
MERGED from [:@react-native-firebase_app] AndroidManifest.xml:7:5-9:41
MERGED from [com.facebook.react:react-native:0.62.2] AndroidManifest.xml:7:5-9:41
MERGED from [com.facebook.react:react-native:0.62.2] AndroidManifest.xml:7:5-9:41
MERGED from [androidx.swiperefreshlayout:swiperefreshlayout:1.0.0] AndroidManifest.xml:20:5-44
MERGED from [androidx.swiperefreshlayout:swiperefreshlayout:1.0.0] AndroidManifest.xml:20:5-44
MERGED from [org.webkit:android-jsc:r245459] AndroidManifest.xml:7:5-9:41
MERGED from [org.webkit:android-jsc:r245459] AndroidManifest.xml:7:5-9:41
MERGED from [org.webrtc:google-webrtc:1.0.30039] AndroidManifest.xml:13:3-72
MERGED from [org.webrtc:google-webrtc:1.0.30039] AndroidManifest.xml:13:3-72
MERGED from [com.facebook.fresco:flipper:2.0.0] AndroidManifest.xml:5:5-7:41
MERGED from [com.facebook.fresco:flipper:2.0.0] AndroidManifest.xml:5:5-7:41
MERGED from [com.facebook.fresco:stetho:2.0.0] AndroidManifest.xml:5:5-7:41
MERGED from [com.facebook.fresco:stetho:2.0.0] AndroidManifest.xml:5:5-7:41
MERGED from [com.facebook.fresco:fresco:2.0.0] AndroidManifest.xml:5:5-7:41
MERGED from [com.facebook.fresco:fresco:2.0.0] AndroidManifest.xml:5:5-7:41
MERGED from [com.facebook.fresco:imagepipeline-okhttp3:2.0.0] AndroidManifest.xml:5:5-7:41
MERGED from [com.facebook.fresco:imagepipeline-okhttp3:2.0.0] AndroidManifest.xml:5:5-7:41
MERGED from [com.facebook.fresco:drawee:2.0.0] AndroidManifest.xml:5:5-7:41
MERGED from [com.facebook.fresco:drawee:2.0.0] AndroidManifest.xml:5:5-7:41
MERGED from [com.facebook.fresco:nativeimagefilters:2.0.0] AndroidManifest.xml:5:5-7:41
MERGED from [com.facebook.fresco:nativeimagefilters:2.0.0] AndroidManifest.xml:5:5-7:41
MERGED from [com.facebook.fresco:imagepipeline:2.0.0] AndroidManifest.xml:5:5-7:41
MERGED from [com.facebook.fresco:imagepipeline:2.0.0] AndroidManifest.xml:5:5-7:41
MERGED from [com.facebook.fresco:nativeimagetranscoder:2.0.0] AndroidManifest.xml:5:5-7:41
MERGED from [com.facebook.fresco:nativeimagetranscoder:2.0.0] AndroidManifest.xml:5:5-7:41
MERGED from [com.facebook.fresco:imagepipeline-base:2.0.0] AndroidManifest.xml:5:5-7:41
MERGED from [com.facebook.fresco:imagepipeline-base:2.0.0] AndroidManifest.xml:5:5-7:41
MERGED from [com.facebook.soloader:soloader:0.8.2] AndroidManifest.xml:7:5-9:41
MERGED from [com.facebook.soloader:soloader:0.8.2] AndroidManifest.xml:7:5-9:41
MERGED from [androidx.appcompat:appcompat:1.1.0] AndroidManifest.xml:20:5-22:41
MERGED from [androidx.appcompat:appcompat:1.1.0] AndroidManifest.xml:20:5-22:41
MERGED from [com.google.firebase:firebase-messaging:20.1.7] AndroidManifest.xml:20:5-44
MERGED from [com.google.firebase:firebase-messaging:20.1.7] AndroidManifest.xml:20:5-44
MERGED from [com.google.firebase:firebase-datatransport:17.0.3] AndroidManifest.xml:19:5-21:41
MERGED from [com.google.firebase:firebase-datatransport:17.0.3] AndroidManifest.xml:19:5-21:41
MERGED from [com.google.android.datatransport:transport-backend-cct:2.2.0] AndroidManifest.xml:19:5-21:41
MERGED from [com.google.android.datatransport:transport-backend-cct:2.2.0] AndroidManifest.xml:19:5-21:41
MERGED from [com.google.android.datatransport:transport-runtime:2.2.0] AndroidManifest.xml:18:5-20:41
MERGED from [com.google.android.datatransport:transport-runtime:2.2.0] AndroidManifest.xml:18:5-20:41
MERGED from [androidx.appcompat:appcompat-resources:1.1.0] AndroidManifest.xml:20:5-22:41
MERGED from [androidx.appcompat:appcompat-resources:1.1.0] AndroidManifest.xml:20:5-22:41
MERGED from [androidx.vectordrawable:vectordrawable-animated:1.1.0] AndroidManifest.xml:20:5-22:41
MERGED from [androidx.vectordrawable:vectordrawable-animated:1.1.0] AndroidManifest.xml:20:5-22:41
MERGED from [androidx.interpolator:interpolator:1.0.0] AndroidManifest.xml:20:5-44
MERGED from [androidx.interpolator:interpolator:1.0.0] AndroidManifest.xml:20:5-44
MERGED from [androidx.cursoradapter:cursoradapter:1.0.0] AndroidManifest.xml:20:5-44
MERGED from [androidx.cursoradapter:cursoradapter:1.0.0] AndroidManifest.xml:20:5-44
MERGED from [com.google.firebase:firebase-core:17.4.1] AndroidManifest.xml:5:5-44
MERGED from [com.google.firebase:firebase-core:17.4.1] AndroidManifest.xml:5:5-44
MERGED from [com.google.firebase:firebase-analytics:17.4.1] AndroidManifest.xml:5:5-44
MERGED from [com.google.firebase:firebase-analytics:17.4.1] AndroidManifest.xml:5:5-44
MERGED from [com.google.android.gms:play-services-measurement-api:17.4.1] AndroidManifest.xml:20:5-44
MERGED from [com.google.android.gms:play-services-measurement-api:17.4.1] AndroidManifest.xml:20:5-44
MERGED from [com.google.firebase:firebase-iid:20.1.7] AndroidManifest.xml:20:5-44
MERGED from [com.google.firebase:firebase-iid:20.1.7] AndroidManifest.xml:20:5-44
MERGED from [com.google.firebase:firebase-installations:16.3.0] AndroidManifest.xml:6:5-8:41
MERGED from [com.google.firebase:firebase-installations:16.3.0] AndroidManifest.xml:6:5-8:41
MERGED from [com.google.firebase:firebase-common:19.3.0] AndroidManifest.xml:20:5-22:41
MERGED from [com.google.firebase:firebase-common:19.3.0] AndroidManifest.xml:20:5-22:41
MERGED from [com.google.firebase:firebase-installations-interop:16.0.0] AndroidManifest.xml:19:5-21:41
MERGED from [com.google.firebase:firebase-installations-interop:16.0.0] AndroidManifest.xml:19:5-21:41
MERGED from [com.google.firebase:firebase-iid-interop:17.0.0] AndroidManifest.xml:5:5-44
MERGED from [com.google.firebase:firebase-iid-interop:17.0.0] AndroidManifest.xml:5:5-44
MERGED from [com.google.android.gms:play-services-base:17.0.0] AndroidManifest.xml:20:5-44
MERGED from [com.google.android.gms:play-services-base:17.0.0] AndroidManifest.xml:20:5-44
MERGED from [com.google.android.gms:play-services-tasks:17.1.0] AndroidManifest.xml:5:5-44
MERGED from [com.google.android.gms:play-services-tasks:17.1.0] AndroidManifest.xml:5:5-44
MERGED from [com.google.android.gms:play-services-measurement:17.4.1] AndroidManifest.xml:20:5-44
MERGED from [com.google.android.gms:play-services-measurement:17.4.1] AndroidManifest.xml:20:5-44
MERGED from [com.google.android.gms:play-services-measurement-sdk:17.4.1] AndroidManifest.xml:20:5-44
MERGED from [com.google.android.gms:play-services-measurement-sdk:17.4.1] AndroidManifest.xml:20:5-44
MERGED from [com.google.android.gms:play-services-measurement-impl:17.4.1] AndroidManifest.xml:20:5-44
MERGED from [com.google.android.gms:play-services-measurement-impl:17.4.1] AndroidManifest.xml:20:5-44
MERGED from [com.google.android.gms:play-services-stats:17.0.0] AndroidManifest.xml:5:5-44
MERGED from [com.google.android.gms:play-services-stats:17.0.0] AndroidManifest.xml:5:5-44
MERGED from [com.google.firebase:firebase-measurement-connector:18.0.0] AndroidManifest.xml:20:5-44
MERGED from [com.google.firebase:firebase-measurement-connector:18.0.0] AndroidManifest.xml:20:5-44
MERGED from [com.google.android.gms:play-services-measurement-sdk-api:17.4.1] AndroidManifest.xml:20:5-44
MERGED from [com.google.android.gms:play-services-measurement-sdk-api:17.4.1] AndroidManifest.xml:20:5-44
MERGED from [com.google.android.gms:play-services-measurement-base:17.4.1] AndroidManifest.xml:5:5-44